Using pre-set license
Built from '2020.3/staging' branch; Version is '2020.3.23f1 (c5d91304a876) revision 12966163'; Using compiler version '192528614'; Build Type 'Release'
OS: 'Windows 10 Home; OS build 19044.1526; Version 2009; 64bit' Language: 'fr' Physical Memory: 16166 MB
BatchMode: 1, IsHumanControllingUs: 0, StartBugReporterOnCrash: 0, Is64bit: 1, IsPro: 0

COMMAND LINE ARGUMENTS:
C:\Program Files\Unity\Hub\Editor\2020.3.23f1\Editor\Unity.exe
-adb2
-batchMode
-noUpm
-name
AssetImportWorker1
-projectPath
C:/Users/antoi/Documents/GitHub/CrazyDelivery/Crazy Delivery
-logFile
Logs/AssetImportWorker1.log
-srvPort
1036
Successfully changed project path to: C:/Users/antoi/Documents/GitHub/CrazyDelivery/Crazy Delivery
C:/Users/antoi/Documents/GitHub/CrazyDelivery/Crazy Delivery
Using Asset Import Pipeline V2.
Refreshing native plugins compatible for Editor in 151.67 ms, found 2 plugins.
Preloading 0 native plugins for Editor in 0.00 ms.
Initialize engine version: 2020.3.23f1 (c5d91304a876)
[Subsystems] Discovering subsystems at path C:/Program Files/Unity/Hub/Editor/2020.3.23f1/Editor/Data/Resources/UnitySubsystems
[Subsystems] Discovering subsystems at path C:/Users/antoi/Documents/GitHub/CrazyDelivery/Crazy Delivery/Assets
GfxDevice: creating device client; threaded=0
Direct3D:
    Version:  Direct3D 11.0 [level 11.1]
    Renderer: Intel(R) UHD Graphics (ID=0x9b41)
    Vendor:   
    VRAM:     8083 MB
    Driver:   27.20.100.8935
Initialize mono
Mono path[0] = 'C:/Program Files/Unity/Hub/Editor/2020.3.23f1/Editor/Data/Managed'
Mono path[1] = 'C:/Program Files/Unity/Hub/Editor/2020.3.23f1/Editor/Data/MonoBleedingEdge/lib/mono/unityjit'
Mono config path = 'C:/Program Files/Unity/Hub/Editor/2020.3.23f1/Editor/Data/MonoBleedingEdge/etc'
Using monoOptions --debugger-agent=transport=dt_socket,embedding=1,server=y,suspend=n,address=127.0.0.1:56484
Begin MonoManager ReloadAssembly
Registering precompiled unity dll's ...
Register platform support module: C:/Program Files/Unity/Hub/Editor/2020.3.23f1/Editor/Data/PlaybackEngines/WindowsStandaloneSupport/UnityEditor.WindowsStandalone.Extensions.dll
Registered in 0.006553 seconds.
Native extension for WindowsStandalone target not found
Refreshing native plugins compatible for Editor in 227.68 ms, found 2 plugins.
Preloading 0 native plugins for Editor in 0.00 ms.
Mono: successfully reloaded assembly
- Completed reload, in  1.774 seconds
Domain Reload Profiling:
	ReloadAssembly (1774ms)
		BeginReloadAssembly (251ms)
			ExecutionOrderSort (0ms)
			DisableScriptedObjects (0ms)
			BackupInstance (0ms)
			ReleaseScriptingObjects (0ms)
			CreateAndSetChildDomain (3ms)
		EndReloadAssembly (1317ms)
			LoadAssemblies (241ms)
			RebuildTransferFunctionScriptingTraits (0ms)
			SetupTypeCache (377ms)
			ReleaseScriptCaches (0ms)
			RebuildScriptCaches (140ms)
			SetupLoadedEditorAssemblies (531ms)
				LogAssemblyErrors (0ms)
				InitializePlatformSupportModulesInManaged (23ms)
				SetLoadedEditorAssemblies (1ms)
				RefreshPlugins (228ms)
				BeforeProcessingInitializeOnLoad (25ms)
				ProcessInitializeOnLoadAttributes (183ms)
				ProcessInitializeOnLoadMethodAttributes (71ms)
				AfterProcessingInitializeOnLoad (0ms)
				EditorAssembliesLoaded (1ms)
			ExecutionOrderSort2 (0ms)
			AwakeInstancesAfterBackupRestoration (0ms)
Platform modules already initialized, skipping
Registering precompiled user dll's ...
Registered in 0.027653 seconds.
Begin MonoManager ReloadAssembly
Native extension for WindowsStandalone target not found
Refreshing native plugins compatible for Editor in 1.14 ms, found 2 plugins.
Preloading 0 native plugins for Editor in 0.00 ms.
Mono: successfully reloaded assembly
- Completed reload, in  2.447 seconds
Domain Reload Profiling:
	ReloadAssembly (2450ms)
		BeginReloadAssembly (403ms)
			ExecutionOrderSort (0ms)
			DisableScriptedObjects (12ms)
			BackupInstance (0ms)
			ReleaseScriptingObjects (0ms)
			CreateAndSetChildDomain (38ms)
		EndReloadAssembly (1835ms)
			LoadAssemblies (257ms)
			RebuildTransferFunctionScriptingTraits (0ms)
			SetupTypeCache (638ms)
			ReleaseScriptCaches (1ms)
			RebuildScriptCaches (101ms)
			SetupLoadedEditorAssemblies (684ms)
				LogAssemblyErrors (0ms)
				InitializePlatformSupportModulesInManaged (10ms)
				SetLoadedEditorAssemblies (1ms)
				RefreshPlugins (1ms)
				BeforeProcessingInitializeOnLoad (172ms)
				ProcessInitializeOnLoadAttributes (466ms)
				ProcessInitializeOnLoadMethodAttributes (19ms)
				AfterProcessingInitializeOnLoad (14ms)
				EditorAssembliesLoaded (1ms)
			ExecutionOrderSort2 (0ms)
			AwakeInstancesAfterBackupRestoration (10ms)
Platform modules already initialized, skipping
========================================================================
Worker process is ready to serve import requests
Launched and connected shader compiler UnityShaderCompiler.exe after 0.07 seconds
Refreshing native plugins compatible for Editor in 1.38 ms, found 2 plugins.
Preloading 0 native plugins for Editor in 0.00 ms.
Unloading 1915 Unused Serialized files (Serialized files now loaded: 0)
System memory in use before: 88.7 MB.
System memory in use after: 88.8 MB.

Unloading 25 unused Assets to reduce memory usage. Loaded Objects now: 2343.
Total: 7.310200 ms (FindLiveObjects: 0.484900 ms CreateObjectMapping: 0.181500 ms MarkObjects: 6.434900 ms  DeleteObjects: 0.205800 ms)

AssetImportParameters requested are different than current active one (requested -> active):
  custom:framework-win-MediaFoundation: 216162199b28c13a410421893ffa2e32 -> 
  custom:video-decoder-ogg-theora: a1e56fd34408186e4bbccfd4996cb3dc -> 
  custom:container-muxer-webm: aa71ff27fc2769a1b78a27578f13a17b -> 
  custom:container-demuxer-webm: 4f35f7cbe854078d1ac9338744f61a02 -> 
  custom:container-demuxer-ogg: 62fdf1f143b41e24485cea50d1cbac27 -> 
  custom:video-encoder-webm-vp8: eb34c28f22e8b96e1ab97ce403110664 -> 
  custom:video-codec-MediaFoundation-h265: 746d11721c4dcdbdad8f713fa42b33f4 -> 
  custom:video-decoder-webm-vp8: 9c59270c3fd7afecdb556c50c9e8de78 -> 
  custom:audio-decoder-ogg-vorbis: bf7c407c2cedff20999df2af8eb42d56 -> 
  custom:audio-encoder-webm-vorbis: bf7c407c2cedff20999df2af8eb42d56 -> 
========================================================================
Received Import Request.
  path: Assets/PostProcessing/Post-processing Profile.asset
  artifactKey: Guid(fc580e3dd503eb74e81d0f0ef172407b) Importer(815301076,1909f56bfc062723c751e8b465ee728b)
Start importing Assets/PostProcessing/Post-processing Profile.asset using Guid(fc580e3dd503eb74e81d0f0ef172407b) Importer(815301076,1909f56bfc062723c751e8b465ee728b)  -> (artifact id: 'e7a9dfae051a6f33b5fe0c7b3adf0578') in 0.102674 seconds 
  Import took 0.109285 seconds .

========================================================================
Received Import Request.
  Time since last request: 307.562800 seconds.
  path: Assets/Scenes/Game.unity
  artifactKey: Guid(80b33bab04bf1934e988db338846a0ba) Importer(815301076,1909f56bfc062723c751e8b465ee728b)
Start importing Assets/Scenes/Game.unity using Guid(80b33bab04bf1934e988db338846a0ba) Importer(815301076,1909f56bfc062723c751e8b465ee728b)  -> (artifact id: 'd76268e7dcedd916313ab3d1b5130e9a') in 0.006513 seconds 
  Import took 0.018955 seconds .

========================================================================
Received Prepare
Registering precompiled user dll's ...
Registered in 0.013644 seconds.
Begin MonoManager ReloadAssembly
Native extension for WindowsStandalone target not found
Refreshing native plugins compatible for Editor in 1.37 ms, found 2 plugins.
Preloading 0 native plugins for Editor in 0.00 ms.
Mono: successfully reloaded assembly
- Completed reload, in  4.059 seconds
Domain Reload Profiling:
	ReloadAssembly (4060ms)
		BeginReloadAssembly (476ms)
			ExecutionOrderSort (0ms)
			DisableScriptedObjects (19ms)
			BackupInstance (0ms)
			ReleaseScriptingObjects (0ms)
			CreateAndSetChildDomain (125ms)
		EndReloadAssembly (3328ms)
			LoadAssemblies (463ms)
			RebuildTransferFunctionScriptingTraits (0ms)
			SetupTypeCache (1207ms)
			ReleaseScriptCaches (2ms)
			RebuildScriptCaches (153ms)
			SetupLoadedEditorAssemblies (1093ms)
				LogAssemblyErrors (0ms)
				InitializePlatformSupportModulesInManaged (17ms)
				SetLoadedEditorAssemblies (2ms)
				RefreshPlugins (2ms)
				BeforeProcessingInitializeOnLoad (324ms)
				ProcessInitializeOnLoadAttributes (671ms)
				ProcessInitializeOnLoadMethodAttributes (37ms)
				AfterProcessingInitializeOnLoad (38ms)
				EditorAssembliesLoaded (1ms)
			ExecutionOrderSort2 (0ms)
			AwakeInstancesAfterBackupRestoration (43ms)
Platform modules already initialized, skipping
Refreshing native plugins compatible for Editor in 2.90 ms, found 2 plugins.
Preloading 0 native plugins for Editor in 0.00 ms.
Unloading 1868 Unused Serialized files (Serialized files now loaded: 0)
System memory in use before: 84.5 MB.
System memory in use after: 84.6 MB.

Unloading 19 unused Assets to reduce memory usage. Loaded Objects now: 2346.
Total: 12.396300 ms (FindLiveObjects: 0.663300 ms CreateObjectMapping: 0.293300 ms MarkObjects: 11.349600 ms  DeleteObjects: 0.086300 ms)

AssetImportParameters requested are different than current active one (requested -> active):
  custom:framework-win-MediaFoundation: 216162199b28c13a410421893ffa2e32 -> 
  custom:video-decoder-ogg-theora: a1e56fd34408186e4bbccfd4996cb3dc -> 
  custom:container-muxer-webm: aa71ff27fc2769a1b78a27578f13a17b -> 
  custom:container-demuxer-webm: 4f35f7cbe854078d1ac9338744f61a02 -> 
  custom:container-demuxer-ogg: 62fdf1f143b41e24485cea50d1cbac27 -> 
  custom:video-encoder-webm-vp8: eb34c28f22e8b96e1ab97ce403110664 -> 
  custom:video-codec-MediaFoundation-h265: 746d11721c4dcdbdad8f713fa42b33f4 -> 
  custom:video-decoder-webm-vp8: 9c59270c3fd7afecdb556c50c9e8de78 -> 
  custom:audio-decoder-ogg-vorbis: bf7c407c2cedff20999df2af8eb42d56 -> 
  custom:audio-encoder-webm-vorbis: bf7c407c2cedff20999df2af8eb42d56 -> 
========================================================================
Received Prepare
Registering precompiled user dll's ...
Registered in 0.023233 seconds.
Begin MonoManager ReloadAssembly
Native extension for WindowsStandalone target not found
Refreshing native plugins compatible for Editor in 8.51 ms, found 2 plugins.
Preloading 0 native plugins for Editor in 0.00 ms.
Mono: successfully reloaded assembly
- Completed reload, in  8.702 seconds
Domain Reload Profiling:
	ReloadAssembly (8705ms)
		BeginReloadAssembly (1068ms)
			ExecutionOrderSort (0ms)
			DisableScriptedObjects (51ms)
			BackupInstance (0ms)
			ReleaseScriptingObjects (0ms)
			CreateAndSetChildDomain (209ms)
		EndReloadAssembly (7082ms)
			LoadAssemblies (977ms)
			RebuildTransferFunctionScriptingTraits (0ms)
			SetupTypeCache (1959ms)
			ReleaseScriptCaches (3ms)
			RebuildScriptCaches (575ms)
			SetupLoadedEditorAssemblies (3100ms)
				LogAssemblyErrors (0ms)
				InitializePlatformSupportModulesInManaged (55ms)
				SetLoadedEditorAssemblies (3ms)
				RefreshPlugins (9ms)
				BeforeProcessingInitializeOnLoad (955ms)
				ProcessInitializeOnLoadAttributes (1863ms)
				ProcessInitializeOnLoadMethodAttributes (133ms)
				AfterProcessingInitializeOnLoad (80ms)
				EditorAssembliesLoaded (2ms)
			ExecutionOrderSort2 (0ms)
			AwakeInstancesAfterBackupRestoration (67ms)
Platform modules already initialized, skipping
Refreshing native plugins compatible for Editor in 3.85 ms, found 2 plugins.
Preloading 0 native plugins for Editor in 0.00 ms.
Unloading 1868 Unused Serialized files (Serialized files now loaded: 0)
System memory in use before: 84.6 MB.
System memory in use after: 84.7 MB.

Unloading 19 unused Assets to reduce memory usage. Loaded Objects now: 2349.
Total: 9.544500 ms (FindLiveObjects: 0.535100 ms CreateObjectMapping: 0.241900 ms MarkObjects: 8.622300 ms  DeleteObjects: 0.137000 ms)

AssetImportParameters requested are different than current active one (requested -> active):
  custom:framework-win-MediaFoundation: 216162199b28c13a410421893ffa2e32 -> 
  custom:video-decoder-ogg-theora: a1e56fd34408186e4bbccfd4996cb3dc -> 
  custom:container-muxer-webm: aa71ff27fc2769a1b78a27578f13a17b -> 
  custom:container-demuxer-webm: 4f35f7cbe854078d1ac9338744f61a02 -> 
  custom:container-demuxer-ogg: 62fdf1f143b41e24485cea50d1cbac27 -> 
  custom:video-encoder-webm-vp8: eb34c28f22e8b96e1ab97ce403110664 -> 
  custom:video-codec-MediaFoundation-h265: 746d11721c4dcdbdad8f713fa42b33f4 -> 
  custom:video-decoder-webm-vp8: 9c59270c3fd7afecdb556c50c9e8de78 -> 
  custom:audio-decoder-ogg-vorbis: bf7c407c2cedff20999df2af8eb42d56 -> 
  custom:audio-encoder-webm-vorbis: bf7c407c2cedff20999df2af8eb42d56 -> 
========================================================================
Received Import Request.
  Time since last request: 460.372900 seconds.
  path: Assets/Prefabs/Map + Plate.prefab
  artifactKey: Guid(6b98e49aa219896488ba921e169fbfcd) Importer(815301076,1909f56bfc062723c751e8b465ee728b)
Start importing Assets/Prefabs/Map + Plate.prefab using Guid(6b98e49aa219896488ba921e169fbfcd) Importer(815301076,1909f56bfc062723c751e8b465ee728b)  -> (artifact id: '2c1711c9901fddf6d839403906ecf218') in 0.856918 seconds 
  Import took 0.887540 seconds .

========================================================================
Received Import Request.
  Time since last request: 0.000750 seconds.
  path: Assets/Prefabs/Map1.0.prefab
  artifactKey: Guid(466b1d489b79b964c932a28f0dae2f3d) Importer(815301076,1909f56bfc062723c751e8b465ee728b)
Start importing Assets/Prefabs/Map1.0.prefab using Guid(466b1d489b79b964c932a28f0dae2f3d) Importer(815301076,1909f56bfc062723c751e8b465ee728b)  -> (artifact id: '3942025a3be7b5cab1a54e49c37650ca') in 0.121498 seconds 
  Import took 0.130980 seconds .

========================================================================
Received Import Request.
  Time since last request: 0.000560 seconds.
  path: Assets/Prefabs/Map 1.1.prefab
  artifactKey: Guid(3f010805ff2af9f4a8826aeaabddc698) Importer(815301076,1909f56bfc062723c751e8b465ee728b)
Start importing Assets/Prefabs/Map 1.1.prefab using Guid(3f010805ff2af9f4a8826aeaabddc698) Importer(815301076,1909f56bfc062723c751e8b465ee728b)  -> (artifact id: 'e48f1e7312f3fd0bbf96f9ec780a76d7') in 0.451838 seconds 
  Import took 0.488447 seconds .

========================================================================
Received Import Request.
  Time since last request: 171.215098 seconds.
  path: Assets/Prefabs/Mission/Mission.cs
  artifactKey: Guid(238d11fcd9a63d84181e192198c55b6b) Importer(815301076,1909f56bfc062723c751e8b465ee728b)
Start importing Assets/Prefabs/Mission/Mission.cs using Guid(238d11fcd9a63d84181e192198c55b6b) Importer(815301076,1909f56bfc062723c751e8b465ee728b)  -> (artifact id: '589f49d8fcc8a14ecf05bfa15644ecca') in 0.020770 seconds 
  Import took 0.030540 seconds .

========================================================================
Received Import Request.
  Time since last request: 294.325353 seconds.
  path: Assets/Prefabs/Mission/New Prefab.prefab
  artifactKey: Guid(59633827d21a9234bb859c131c3d2a79) Importer(815301076,1909f56bfc062723c751e8b465ee728b)
Start importing Assets/Prefabs/Mission/New Prefab.prefab using Guid(59633827d21a9234bb859c131c3d2a79) Importer(815301076,1909f56bfc062723c751e8b465ee728b)  -> (artifact id: '2ed770adaa3632e17c3ada11e77aa5a4') in 0.023039 seconds 
  Import took 0.030214 seconds .

========================================================================
Received Import Request.
  Time since last request: 11.394391 seconds.
  path: Assets/Prefabs/Mission/GameObject.prefab
  artifactKey: Guid(be5e85199c38f54479ef263ec6d69dff) Importer(815301076,1909f56bfc062723c751e8b465ee728b)
Start importing Assets/Prefabs/Mission/GameObject.prefab using Guid(be5e85199c38f54479ef263ec6d69dff) Importer(815301076,1909f56bfc062723c751e8b465ee728b)  -> (artifact id: '4ba3be9f582cb4c9a549bd919fff04e9') in 0.045599 seconds 
  Import took 0.068656 seconds .

========================================================================
Received Import Request.
  Time since last request: 16.411323 seconds.
  path: Assets/Prefabs/Mission/MissionsListCoordonates.prefab
  artifactKey: Guid(be5e85199c38f54479ef263ec6d69dff) Importer(815301076,1909f56bfc062723c751e8b465ee728b)
Start importing Assets/Prefabs/Mission/MissionsListCoordonates.prefab using Guid(be5e85199c38f54479ef263ec6d69dff) Importer(815301076,1909f56bfc062723c751e8b465ee728b)  -> (artifact id: 'ca6c77f4a2f0a9016056042ed6b69305') in 0.031735 seconds 
  Import took 0.042345 seconds .

========================================================================
Received Import Request.
  Time since last request: 29.391188 seconds.
  path: Assets/Prefabs/Mission/MissionsListCoordonates.prefab
  artifactKey: Guid(be5e85199c38f54479ef263ec6d69dff) Importer(815301076,1909f56bfc062723c751e8b465ee728b)
Start importing Assets/Prefabs/Mission/MissionsListCoordonates.prefab using Guid(be5e85199c38f54479ef263ec6d69dff) Importer(815301076,1909f56bfc062723c751e8b465ee728b)  -> (artifact id: '4877369b231a5b1c37d1cf51e2dbbe7c') in 0.027026 seconds 
  Import took 0.037319 seconds .

========================================================================
Received Import Request.
  Time since last request: 28.339069 seconds.
  path: Assets/Prefabs/Mission/missions1.prefab
  artifactKey: Guid(819b0701e0ffb4d498c3bab94b0ec88a) Importer(815301076,1909f56bfc062723c751e8b465ee728b)
Start importing Assets/Prefabs/Mission/missions1.prefab using Guid(819b0701e0ffb4d498c3bab94b0ec88a) Importer(815301076,1909f56bfc062723c751e8b465ee728b)  -> (artifact id: '2bd700db5ef367c52d70732de6b5c4de') in 0.024189 seconds 
  Import took 0.034338 seconds .

========================================================================
Received Import Request.
  Time since last request: 10.334048 seconds.
  path: Assets/Prefabs/Mission/MissionsListCoordonates.prefab
  artifactKey: Guid(be5e85199c38f54479ef263ec6d69dff) Importer(815301076,1909f56bfc062723c751e8b465ee728b)
Start importing Assets/Prefabs/Mission/MissionsListCoordonates.prefab using Guid(be5e85199c38f54479ef263ec6d69dff) Importer(815301076,1909f56bfc062723c751e8b465ee728b)  -> (artifact id: 'd30b4eb9ade21c0fd2d3cab531798a26') in 0.019420 seconds 
  Import took 0.026018 seconds .

========================================================================
Received Import Request.
  Time since last request: 3.019706 seconds.
  path: Assets/Prefabs/Mission/MissionsListCoordonates.prefab
  artifactKey: Guid(be5e85199c38f54479ef263ec6d69dff) Importer(815301076,1909f56bfc062723c751e8b465ee728b)
Start importing Assets/Prefabs/Mission/MissionsListCoordonates.prefab using Guid(be5e85199c38f54479ef263ec6d69dff) Importer(815301076,1909f56bfc062723c751e8b465ee728b)  -> (artifact id: '8d667dbc84f01ed18ee7736a1e385a32') in 0.023954 seconds 
  Import took 0.030393 seconds .

========================================================================
Received Import Request.
  Time since last request: 100.267885 seconds.
  path: Assets/Prefabs/Mission/MissionsListCoordonates.prefab
  artifactKey: Guid(be5e85199c38f54479ef263ec6d69dff) Importer(815301076,1909f56bfc062723c751e8b465ee728b)
Start importing Assets/Prefabs/Mission/MissionsListCoordonates.prefab using Guid(be5e85199c38f54479ef263ec6d69dff) Importer(815301076,1909f56bfc062723c751e8b465ee728b)  -> (artifact id: '0d9e0e93e0db6b5728bf9c5cd5663e63') in 0.025571 seconds 
  Import took 0.034885 seconds .

AssetImportWorkerClient::OnTransportError - code=2 error=End of file
